<html>
<head>
<title>TestNG:  Surefire test</title>
<link href="../testng.css" rel="stylesheet" type="text/css" />
<link href="../my-testng.css" rel="stylesheet" type="text/css" />

<style type="text/css">
.log { display: none;} 
.stack-trace { display: none;} 
</style>
<script type="text/javascript">
<!--
function flip(e) {
  current = e.style.display;
  if (current == 'block') {
    e.style.display = 'none';
    return 0;
  }
  else {
    e.style.display = 'block';
    return 1;
  }
}

function toggleBox(szDivId, elem, msg1, msg2)
{
  var res = -1;  if (document.getElementById) {
    res = flip(document.getElementById(szDivId));
  }
  else if (document.all) {
    // this is the way old msie versions work
    res = flip(document.all[szDivId]);
  }
  if(elem) {
    if(res == 0) elem.innerHTML = msg1; else elem.innerHTML = msg2;
  }

}

function toggleAllBoxes() {
  if (document.getElementsByTagName) {
    d = document.getElementsByTagName('div');
    for (i = 0; i < d.length; i++) {
      if (d[i].className == 'log') {
        flip(d[i]);
      }
    }
  }
}

// -->
</script>

</head>
<body>
<h2 align='center'>Surefire test</h2><table border='1' align="center">
<tr>
<td>Tests passed/Failed/Skipped:</td><td>13/3/0</td>
</tr><tr>
<td>Started on:</td><td>Fri Jul 28 10:51:43 WAT 2023</td>
</tr>
<tr><td>Total time:</td><td>771 seconds (771858 ms)</td>
</tr><tr>
<td>Included groups:</td><td></td>
</tr><tr>
<td>Excluded groups:</td><td></td>
</tr>
</table><p/>
<small><i>(Hover the method name to see the test class name)</i></small><p/>
<table width='100%' border='1' class='invocation-failed'>
<tr><td colspan='4' align='center'><b>FAILED TESTS</b></td></tr>
<tr><td><b>Test method</b></td>
<td><b>Attribute(s)</b></td>
<td width="30%"><b>Exception</b></td>
<td width="10%"><b>Time (seconds)</b></td>
<td><b>Instance</b></td>
</tr>
<tr>
<td title='Runners.TestRunner.runScenario()'><b>runScenario</b><br>Test class: Runners.TestRunner<br>Test method: Runs Cucumber Scenarios<br>Parameters: "User make an order", "SC11- Create successful Order"</td>
<td><div><pre>org.openqa.selenium.ElementClickInterceptedException: element click intercepted: Element &lt;a href=&quot;https://www.tunisianet.com.tn/529-mixeur-plongeant-tunisie&quot;&gt;...&lt;/a&gt; is not clickable at point (406, 257). Other element would receive the click: &lt;a href=&quot;https://www.tunisianet.com.tn/564-four-electrique-tunisie-micro-onde&quot;&gt;...&lt;/a&gt;
  (Session info: chrome=115.0.5790.110)
Build info: version: &apos;4.10.0&apos;, revision: &apos;c14d967899&apos;
System info: os.name: &apos;Windows 10&apos;, os.arch: &apos;amd64&apos;, os.version: &apos;10.0&apos;, java.version: &apos;11.0.19&apos;
Driver info: org.openqa.selenium.chrome.ChromeDriver
Command: [dee0c62e9d7fd8f88bf4759624a1b0f7, clickElement {id=2DD498C2D54EFD70A7A0833D8BF08F6B_element_114}]
Capabilities {acceptInsecureCerts: false, browserName: chrome, browserVersion: 115.0.5790.110, chrome: {chromedriverVersion: 114.0.5735.90 (386bc09e8f4f..., userDataDir: C:\Windows\SystemTemp\scope...}, goog:chromeOptions: {debuggerAddress: localhost:54502}, networkConnectionEnabled: false, pageLoadStrategy: normal, platformName: windows, proxy: Proxy(), se:cdp: ws://localhost:54502/devtoo..., se:cdpVersion: 115.0.5790.110, setWindowRect: true, strictFileInteractability: false, timeouts: {implicit: 0, pageLoad: 300000, script: 30000}, unhandledPromptBehavior: dismiss and notify, webauthn:extension:credBlob: true, webauthn:extension:largeBlob: true, webauthn:extension:minPinLength: true, webauthn:extension:prf: true, webauthn:virtualAuthenticators: true}
Element: [[ChromeDriver: chrome on windows (dee0c62e9d7fd8f88bf4759624a1b0f7)] -&gt; css selector: ul[class=&quot;menu-content top-menu&quot;] a[href=&quot;https://www.tunisianet.com.tn/529-mixeur-plongeant-tunisie&quot;]]
Session ID: dee0c62e9d7fd8f88bf4759624a1b0f7
	at org.openqa.selenium.remote.codec.w3c.W3CHttpResponseCodec.createException(W3CHttpResponseCodec.java:199)
	at org.openqa.selenium.remote.codec.w3c.W3CHttpResponseCodec.decode(W3CHttpResponseCodec.java:132)
	at org.openqa.selenium.remote.codec.w3c.W3CHttpResponseCodec.decode(W3CHttpResponseCodec.java:51)
	at org.openqa.selenium.remote.HttpCommandExecutor.execute(HttpCommandExecutor.java:191)
	at org.openqa.selenium.remote.service.DriverCommandExecutor.invokeExecute(DriverCommandExecutor.java:196)
	at org.openqa.selenium.remote.service.DriverCommandExecutor.execute(DriverCommandExecutor.java:171)
	at org.openqa.selenium.remote.RemoteWebDriver.execute(RemoteWebDriver.java:531)
	at org.openqa.selenium.remote.RemoteWebElement.execute(RemoteWebElement.java:242)
	at org.openqa.selenium.remote.RemoteWebElement.click(RemoteWebElement.java:77)
	at Steps.C11_CreateOrder.addProducts(C11_CreateOrder.java:29)
	at ?.User add products to cart(file:///C:/Users/Tayssir/IdeaProjects/cucumber/src/test/java/Features/SC11_CreateOrder.feature:7)
... Removed 4 stack frames</pre></div><a href='#' onClick='toggleBox("stack-trace1611382686", this, "Click to show all stack frames", "Click to hide stack frames")'>Click to show all stack frames</a>
<div class='stack-trace' id='stack-trace1611382686'><pre>org.openqa.selenium.ElementClickInterceptedException: element click intercepted: Element &lt;a href=&quot;https://www.tunisianet.com.tn/529-mixeur-plongeant-tunisie&quot;&gt;...&lt;/a&gt; is not clickable at point (406, 257). Other element would receive the click: &lt;a href=&quot;https://www.tunisianet.com.tn/564-four-electrique-tunisie-micro-onde&quot;&gt;...&lt;/a&gt;
  (Session info: chrome=115.0.5790.110)
Build info: version: &apos;4.10.0&apos;, revision: &apos;c14d967899&apos;
System info: os.name: &apos;Windows 10&apos;, os.arch: &apos;amd64&apos;, os.version: &apos;10.0&apos;, java.version: &apos;11.0.19&apos;
Driver info: org.openqa.selenium.chrome.ChromeDriver
Command: [dee0c62e9d7fd8f88bf4759624a1b0f7, clickElement {id=2DD498C2D54EFD70A7A0833D8BF08F6B_element_114}]
Capabilities {acceptInsecureCerts: false, browserName: chrome, browserVersion: 115.0.5790.110, chrome: {chromedriverVersion: 114.0.5735.90 (386bc09e8f4f..., userDataDir: C:\Windows\SystemTemp\scope...}, goog:chromeOptions: {debuggerAddress: localhost:54502}, networkConnectionEnabled: false, pageLoadStrategy: normal, platformName: windows, proxy: Proxy(), se:cdp: ws://localhost:54502/devtoo..., se:cdpVersion: 115.0.5790.110, setWindowRect: true, strictFileInteractability: false, timeouts: {implicit: 0, pageLoad: 300000, script: 30000}, unhandledPromptBehavior: dismiss and notify, webauthn:extension:credBlob: true, webauthn:extension:largeBlob: true, webauthn:extension:minPinLength: true, webauthn:extension:prf: true, webauthn:virtualAuthenticators: true}
Element: [[ChromeDriver: chrome on windows (dee0c62e9d7fd8f88bf4759624a1b0f7)] -&gt; css selector: ul[class=&quot;menu-content top-menu&quot;] a[href=&quot;https://www.tunisianet.com.tn/529-mixeur-plongeant-tunisie&quot;]]
Session ID: dee0c62e9d7fd8f88bf4759624a1b0f7
	at java.base/jdk.internal.reflect.NativeConstructorAccessorImpl.newInstance0(Native Method)
	at java.base/jdk.internal.reflect.NativeConstructorAccessorImpl.newInstance(NativeConstructorAccessorImpl.java:62)
	at java.base/jdk.internal.reflect.DelegatingConstructorAccessorImpl.newInstance(DelegatingConstructorAccessorImpl.java:45)
	at java.base/java.lang.reflect.Constructor.newInstance(Constructor.java:490)
	at org.openqa.selenium.remote.codec.w3c.W3CHttpResponseCodec.createException(W3CHttpResponseCodec.java:199)
	at org.openqa.selenium.remote.codec.w3c.W3CHttpResponseCodec.decode(W3CHttpResponseCodec.java:132)
	at org.openqa.selenium.remote.codec.w3c.W3CHttpResponseCodec.decode(W3CHttpResponseCodec.java:51)
	at org.openqa.selenium.remote.HttpCommandExecutor.execute(HttpCommandExecutor.java:191)
	at org.openqa.selenium.remote.service.DriverCommandExecutor.invokeExecute(DriverCommandExecutor.java:196)
	at org.openqa.selenium.remote.service.DriverCommandExecutor.execute(DriverCommandExecutor.java:171)
	at org.openqa.selenium.remote.RemoteWebDriver.execute(RemoteWebDriver.java:531)
	at org.openqa.selenium.remote.RemoteWebElement.execute(RemoteWebElement.java:242)
	at org.openqa.selenium.remote.RemoteWebElement.click(RemoteWebElement.java:77)
	at Steps.C11_CreateOrder.addProducts(C11_CreateOrder.java:29)
	at ?.User add products to cart(file:///C:/Users/Tayssir/IdeaProjects/cucumber/src/test/java/Features/SC11_CreateOrder.feature:7)
</pre></div></td>
<td>18</td>
<td>Runners.TestRunner@61001b64</td></tr>
<tr>
<td title='Runners.TestRunner.runScenario()'><b>runScenario</b><br>Test class: Runners.TestRunner<br>Test method: Runs Cucumber Scenarios<br>Parameters: "User opens facebook link", "SC-12 User could have to follow the pages of website"</td>
<td><div><pre>java.lang.IndexOutOfBoundsException: Index 1 out of bounds for length 1
	at java.base/jdk.internal.util.Preconditions.outOfBounds(Preconditions.java:64)
	at java.base/jdk.internal.util.Preconditions.outOfBoundsCheckIndex(Preconditions.java:70)
	at java.base/jdk.internal.util.Preconditions.checkIndex(Preconditions.java:248)
	at java.base/java.util.Objects.checkIndex(Objects.java:372)
	at java.base/java.util.ArrayList.get(ArrayList.java:459)
	at Steps.C12_FollowUs.userOpensFacebook(C12_FollowUs.java:31)
	at ?.User opens facebook link(file:///C:/Users/Tayssir/IdeaProjects/cucumber/src/test/java/Features/SC12_FollowUs.feature:8)
</pre></div><a href='#' onClick='toggleBox("stack-trace1231232251", this, "Click to show all stack frames", "Click to hide stack frames")'>Click to show all stack frames</a>
<div class='stack-trace' id='stack-trace1231232251'><pre>java.lang.IndexOutOfBoundsException: Index 1 out of bounds for length 1
	at java.base/jdk.internal.util.Preconditions.outOfBounds(Preconditions.java:64)
	at java.base/jdk.internal.util.Preconditions.outOfBoundsCheckIndex(Preconditions.java:70)
	at java.base/jdk.internal.util.Preconditions.checkIndex(Preconditions.java:248)
	at java.base/java.util.Objects.checkIndex(Objects.java:372)
	at java.base/java.util.ArrayList.get(ArrayList.java:459)
	at Steps.C12_FollowUs.userOpensFacebook(C12_FollowUs.java:31)
	at ?.User opens facebook link(file:///C:/Users/Tayssir/IdeaProjects/cucumber/src/test/java/Features/SC12_FollowUs.feature:8)
</pre></div></td>
<td>41</td>
<td>Runners.TestRunner@61001b64</td></tr>
<tr>
<td title='Runners.TestRunner.runScenario()'><b>runScenario</b><br>Test class: Runners.TestRunner<br>Test method: Runs Cucumber Scenarios<br>Parameters: "User try to add product to shopping cart", "SC9- Logged user could add any product to Shopping cart"</td>
<td><div><pre>org.openqa.selenium.NoSuchElementException: no such element: Unable to locate element: {&quot;method&quot;:&quot;xpath&quot;,&quot;selector&quot;:&quot;/html/body/div[7]/div/div/div/div[2]/div/div/button&quot;}
  (Session info: chrome=115.0.5790.110)
For documentation on this error, please visit: https://www.selenium.dev/documentation/webdriver/troubleshooting/errors#no-such-element-exception
Build info: version: &apos;4.10.0&apos;, revision: &apos;c14d967899&apos;
System info: os.name: &apos;Windows 10&apos;, os.arch: &apos;amd64&apos;, os.version: &apos;10.0&apos;, java.version: &apos;11.0.19&apos;
Driver info: org.openqa.selenium.chrome.ChromeDriver
Command: [6c7664511ca00a6615d26cd649b1ecc3, findElement {using=xpath, value=/html/body/div[7]/div/div/div/div[2]/div/div/button}]
Capabilities {acceptInsecureCerts: false, browserName: chrome, browserVersion: 115.0.5790.110, chrome: {chromedriverVersion: 114.0.5735.90 (386bc09e8f4f..., userDataDir: C:\Windows\SystemTemp\scope...}, goog:chromeOptions: {debuggerAddress: localhost:54358}, networkConnectionEnabled: false, pageLoadStrategy: normal, platformName: windows, proxy: Proxy(), se:cdp: ws://localhost:54358/devtoo..., se:cdpVersion: 115.0.5790.110, setWindowRect: true, strictFileInteractability: false, timeouts: {implicit: 0, pageLoad: 300000, script: 30000}, unhandledPromptBehavior: dismiss and notify, webauthn:extension:credBlob: true, webauthn:extension:largeBlob: true, webauthn:extension:minPinLength: true, webauthn:extension:prf: true, webauthn:virtualAuthenticators: true}
Session ID: 6c7664511ca00a6615d26cd649b1ecc3
	at org.openqa.selenium.remote.codec.w3c.W3CHttpResponseCodec.createException(W3CHttpResponseCodec.java:199)
	at org.openqa.selenium.remote.codec.w3c.W3CHttpResponseCodec.decode(W3CHttpResponseCodec.java:132)
	at org.openqa.selenium.remote.codec.w3c.W3CHttpResponseCodec.decode(W3CHttpResponseCodec.java:51)
	at org.openqa.selenium.remote.HttpCommandExecutor.execute(HttpCommandExecutor.java:191)
	at org.openqa.selenium.remote.service.DriverCommandExecutor.invokeExecute(DriverCommandExecutor.java:196)
	at org.openqa.selenium.remote.service.DriverCommandExecutor.execute(DriverCommandExecutor.java:171)
	at org.openqa.selenium.remote.RemoteWebDriver.execute(RemoteWebDriver.java:531)
	at org.openqa.selenium.remote.ElementLocation$ElementFinder$2.findElement(ElementLocation.java:165)
	at org.openqa.selenium.remote.ElementLocation.findElement(ElementLocation.java:59)
	at org.openqa.selenium.remote.RemoteWebDriver.findElement(RemoteWebDriver.java:350)
	at org.openqa.selenium.remote.RemoteWebDriver.findElement(RemoteWebDriver.java:344)
	at Steps.C08_AddToCart.user_add_product_to_cart(C08_AddToCart.java:40)
	at ?.User add product to cart(file:///C:/Users/Tayssir/IdeaProjects/cucumber/src/test/java/Features/SC08_AddToCart.feature:10)
... Removed 4 stack frames</pre></div><a href='#' onClick='toggleBox("stack-trace700791887", this, "Click to show all stack frames", "Click to hide stack frames")'>Click to show all stack frames</a>
<div class='stack-trace' id='stack-trace700791887'><pre>org.openqa.selenium.NoSuchElementException: no such element: Unable to locate element: {&quot;method&quot;:&quot;xpath&quot;,&quot;selector&quot;:&quot;/html/body/div[7]/div/div/div/div[2]/div/div/button&quot;}
  (Session info: chrome=115.0.5790.110)
For documentation on this error, please visit: https://www.selenium.dev/documentation/webdriver/troubleshooting/errors#no-such-element-exception
Build info: version: &apos;4.10.0&apos;, revision: &apos;c14d967899&apos;
System info: os.name: &apos;Windows 10&apos;, os.arch: &apos;amd64&apos;, os.version: &apos;10.0&apos;, java.version: &apos;11.0.19&apos;
Driver info: org.openqa.selenium.chrome.ChromeDriver
Command: [6c7664511ca00a6615d26cd649b1ecc3, findElement {using=xpath, value=/html/body/div[7]/div/div/div/div[2]/div/div/button}]
Capabilities {acceptInsecureCerts: false, browserName: chrome, browserVersion: 115.0.5790.110, chrome: {chromedriverVersion: 114.0.5735.90 (386bc09e8f4f..., userDataDir: C:\Windows\SystemTemp\scope...}, goog:chromeOptions: {debuggerAddress: localhost:54358}, networkConnectionEnabled: false, pageLoadStrategy: normal, platformName: windows, proxy: Proxy(), se:cdp: ws://localhost:54358/devtoo..., se:cdpVersion: 115.0.5790.110, setWindowRect: true, strictFileInteractability: false, timeouts: {implicit: 0, pageLoad: 300000, script: 30000}, unhandledPromptBehavior: dismiss and notify, webauthn:extension:credBlob: true, webauthn:extension:largeBlob: true, webauthn:extension:minPinLength: true, webauthn:extension:prf: true, webauthn:virtualAuthenticators: true}
Session ID: 6c7664511ca00a6615d26cd649b1ecc3
	at java.base/jdk.internal.reflect.NativeConstructorAccessorImpl.newInstance0(Native Method)
	at java.base/jdk.internal.reflect.NativeConstructorAccessorImpl.newInstance(NativeConstructorAccessorImpl.java:62)
	at java.base/jdk.internal.reflect.DelegatingConstructorAccessorImpl.newInstance(DelegatingConstructorAccessorImpl.java:45)
	at java.base/java.lang.reflect.Constructor.newInstance(Constructor.java:490)
	at org.openqa.selenium.remote.codec.w3c.W3CHttpResponseCodec.createException(W3CHttpResponseCodec.java:199)
	at org.openqa.selenium.remote.codec.w3c.W3CHttpResponseCodec.decode(W3CHttpResponseCodec.java:132)
	at org.openqa.selenium.remote.codec.w3c.W3CHttpResponseCodec.decode(W3CHttpResponseCodec.java:51)
	at org.openqa.selenium.remote.HttpCommandExecutor.execute(HttpCommandExecutor.java:191)
	at org.openqa.selenium.remote.service.DriverCommandExecutor.invokeExecute(DriverCommandExecutor.java:196)
	at org.openqa.selenium.remote.service.DriverCommandExecutor.execute(DriverCommandExecutor.java:171)
	at org.openqa.selenium.remote.RemoteWebDriver.execute(RemoteWebDriver.java:531)
	at org.openqa.selenium.remote.ElementLocation$ElementFinder$2.findElement(ElementLocation.java:165)
	at org.openqa.selenium.remote.ElementLocation.findElement(ElementLocation.java:59)
	at org.openqa.selenium.remote.RemoteWebDriver.findElement(RemoteWebDriver.java:350)
	at org.openqa.selenium.remote.RemoteWebDriver.findElement(RemoteWebDriver.java:344)
	at Steps.C08_AddToCart.user_add_product_to_cart(C08_AddToCart.java:40)
	at ?.User add product to cart(file:///C:/Users/Tayssir/IdeaProjects/cucumber/src/test/java/Features/SC08_AddToCart.feature:10)
</pre></div></td>
<td>74</td>
<td>Runners.TestRunner@61001b64</td></tr>
</table><p>
<table width='100%' border='1' class='invocation-passed'>
<tr><td colspan='4' align='center'><b>PASSED TESTS</b></td></tr>
<tr><td><b>Test method</b></td>
<td><b>Attribute(s)</b></td>
<td width="30%"><b>Exception</b></td>
<td width="10%"><b>Time (seconds)</b></td>
<td><b>Instance</b></td>
</tr>
<tr>
<td title='Runners.TestRunner.runScenario()'><b>runScenario</b><br>Test class: Runners.TestRunner<br>Test method: Runs Cucumber Scenarios<br>Parameters: "user try to compare multiple products", "SC10- Logged user could add different products to compare list"</td>
<td></td>
<td>52</td>
<td>Runners.TestRunner@61001b64</td></tr>
<tr>
<td title='Runners.TestRunner.runScenario()'><b>runScenario</b><br>Test class: Runners.TestRunner<br>Test method: Runs Cucumber Scenarios<br>Parameters: "User want to reset his/her password", "SC3- User could reset his/her password successfully"</td>
<td></td>
<td>16</td>
<td>Runners.TestRunner@61001b64</td></tr>
<tr>
<td title='Runners.TestRunner.runScenario()'><b>runScenario</b><br>Test class: Runners.TestRunner<br>Test method: Runs Cucumber Scenarios<br>Parameters: "User opens pinterest link", "SC-12 User could have to follow the pages of website"</td>
<td></td>
<td>45</td>
<td>Runners.TestRunner@61001b64</td></tr>
<tr>
<td title='Runners.TestRunner.runScenario()'><b>runScenario</b><br>Test class: Runners.TestRunner<br>Test method: Runs Cucumber Scenarios<br>Parameters: "User opens instagram link", "SC-12 User could have to follow the pages of website"</td>
<td></td>
<td>62</td>
<td>Runners.TestRunner@61001b64</td></tr>
<tr>
<td title='Runners.TestRunner.runScenario()'><b>runScenario</b><br>Test class: Runners.TestRunner<br>Test method: Runs Cucumber Scenarios<br>Parameters: "User search about product", "SC4- Logged User could search for any product"</td>
<td></td>
<td>22</td>
<td>Runners.TestRunner@61001b64</td></tr>
<tr>
<td title='Runners.TestRunner.runScenario()'><b>runScenario</b><br>Test class: Runners.TestRunner<br>Test method: Runs Cucumber Scenarios<br>Parameters: "Logged user select Category", "SC5- Logged user could select different Categories"</td>
<td></td>
<td>73</td>
<td>Runners.TestRunner@61001b64</td></tr>
<tr>
<td title='Runners.TestRunner.runScenario()'><b>runScenario</b><br>Test class: Runners.TestRunner<br>Test method: Runs Cucumber Scenarios<br>Parameters: "User log in with valid email and password", "User could log in with valid email and password"</td>
<td></td>
<td>14</td>
<td>Runners.TestRunner@61001b64</td></tr>
<tr>
<td title='Runners.TestRunner.runScenario()'><b>runScenario</b><br>Test class: Runners.TestRunner<br>Test method: Runs Cucumber Scenarios<br>Parameters: "User opens twitter link", "SC-12 User could have to follow the pages of website"</td>
<td></td>
<td>27</td>
<td>Runners.TestRunner@61001b64</td></tr>
<tr>
<td title='Runners.TestRunner.runScenario()'><b>runScenario</b><br>Test class: Runners.TestRunner<br>Test method: Runs Cucumber Scenarios<br>Parameters: "User filter selected item with constructor", "SC7- Logged user could filter with constructor"</td>
<td></td>
<td>83</td>
<td>Runners.TestRunner@61001b64</td></tr>
<tr>
<td title='Runners.TestRunner.runScenario()'><b>runScenario</b><br>Test class: Runners.TestRunner<br>Test method: Runs Cucumber Scenarios<br>Parameters: "User register with valid data", "User could register in with valid data successfully"</td>
<td></td>
<td>98</td>
<td>Runners.TestRunner@61001b64</td></tr>
<tr>
<td title='Runners.TestRunner.runScenario()'><b>runScenario</b><br>Test class: Runners.TestRunner<br>Test method: Runs Cucumber Scenarios<br>Parameters: "User opens youtube link", "SC-12 User could have to follow the pages of website"</td>
<td></td>
<td>64</td>
<td>Runners.TestRunner@61001b64</td></tr>
<tr>
<td title='Runners.TestRunner.runScenario()'><b>runScenario</b><br>Test class: Runners.TestRunner<br>Test method: Runs Cucumber Scenarios<br>Parameters: "User filter selected item with color", "SC6- Logged user could filter with color"</td>
<td></td>
<td>24</td>
<td>Runners.TestRunner@61001b64</td></tr>
<tr>
<td title='Runners.TestRunner.runScenario()'><b>runScenario</b><br>Test class: Runners.TestRunner<br>Test method: Runs Cucumber Scenarios<br>Parameters: "User could be able to add products to Favorite list", "SC09- Logged user could add different products to Favorite list"</td>
<td></td>
<td>50</td>
<td>Runners.TestRunner@61001b64</td></tr>
</table><p>
</body>
</html>