<?xml version="1.0" encoding="UTF-8"?>
<testng-results ignored="0" total="16" passed="13" failed="3" skipped="0">
  <reporter-output>
  </reporter-output>
  <suite started-at="2023-07-28T10:51:43 WAT" name="Surefire suite" finished-at="2023-07-28T11:04:35 WAT" duration-ms="771858">
    <groups>
      <group name="cucumber">
        <method signature="AbstractTestNGCucumberTests.runScenario(io.cucumber.testng.PickleWrapper,io.cucumber.testng.FeatureWrapper)[pri:0, instance:Runners.TestRunner@61001b64]" name="runScenario" class="io.cucumber.testng.AbstractTestNGCucumberTests"/>
      </group> <!-- cucumber -->
    </groups>
    <test started-at="2023-07-28T10:51:43 WAT" name="Surefire test" finished-at="2023-07-28T11:04:35 WAT" duration-ms="771858">
      <class name="Runners.TestRunner">
        <test-method is-config="true" signature="setUpClass(org.testng.ITestContext)[pri:0, instance:Runners.TestRunner@61001b64]" started-at="2023-07-28T10:51:43 WAT" name="setUpClass" finished-at="2023-07-28T10:51:44 WAT" duration-ms="735" status="PASS">
          <params>
            <param index="0">
              <value>
                <![CDATA[org.testng.TestRunner@4b7ab7ab]]>
              </value>
            </param>
          </params>
          <reporter-output>
          </reporter-output>
        </test-method> <!-- setUpClass -->
        <test-method signature="runScenario(io.cucumber.testng.PickleWrapper,io.cucumber.testng.FeatureWrapper)[pri:0, instance:Runners.TestRunner@61001b64]" started-at="2023-07-28T10:51:44 WAT" name="runScenario" description="Runs Cucumber Scenarios" data-provider="scenarios" finished-at="2023-07-28T10:53:22 WAT" duration-ms="98220" status="PASS">
          <params>
            <param index="0">
              <value>
                <![CDATA["User register with valid data"]]>
              </value>
            </param>
            <param index="1">
              <value>
                <![CDATA["User could register in with valid data successfully"]]>
              </value>
            </param>
          </params>
          <reporter-output>
          </reporter-output>
        </test-method> <!-- runScenario -->
        <test-method signature="runScenario(io.cucumber.testng.PickleWrapper,io.cucumber.testng.FeatureWrapper)[pri:0, instance:Runners.TestRunner@61001b64]" started-at="2023-07-28T10:53:22 WAT" name="runScenario" description="Runs Cucumber Scenarios" data-provider="scenarios" finished-at="2023-07-28T10:53:36 WAT" duration-ms="14086" status="PASS">
          <params>
            <param index="0">
              <value>
                <![CDATA["User log in with valid email and password"]]>
              </value>
            </param>
            <param index="1">
              <value>
                <![CDATA["User could log in with valid email and password"]]>
              </value>
            </param>
          </params>
          <reporter-output>
          </reporter-output>
        </test-method> <!-- runScenario -->
        <test-method signature="runScenario(io.cucumber.testng.PickleWrapper,io.cucumber.testng.FeatureWrapper)[pri:0, instance:Runners.TestRunner@61001b64]" started-at="2023-07-28T10:53:36 WAT" name="runScenario" description="Runs Cucumber Scenarios" data-provider="scenarios" finished-at="2023-07-28T10:53:53 WAT" duration-ms="16828" status="PASS">
          <params>
            <param index="0">
              <value>
                <![CDATA["User want to reset his/her password"]]>
              </value>
            </param>
            <param index="1">
              <value>
                <![CDATA["SC3- User could reset his/her password successfully"]]>
              </value>
            </param>
          </params>
          <reporter-output>
          </reporter-output>
        </test-method> <!-- runScenario -->
        <test-method signature="runScenario(io.cucumber.testng.PickleWrapper,io.cucumber.testng.FeatureWrapper)[pri:0, instance:Runners.TestRunner@61001b64]" started-at="2023-07-28T10:53:53 WAT" name="runScenario" description="Runs Cucumber Scenarios" data-provider="scenarios" finished-at="2023-07-28T10:54:16 WAT" duration-ms="22754" status="PASS">
          <params>
            <param index="0">
              <value>
                <![CDATA["User search about product"]]>
              </value>
            </param>
            <param index="1">
              <value>
                <![CDATA["SC4- Logged User could search for any product"]]>
              </value>
            </param>
          </params>
          <reporter-output>
          </reporter-output>
        </test-method> <!-- runScenario -->
        <test-method signature="runScenario(io.cucumber.testng.PickleWrapper,io.cucumber.testng.FeatureWrapper)[pri:0, instance:Runners.TestRunner@61001b64]" started-at="2023-07-28T10:54:16 WAT" name="runScenario" description="Runs Cucumber Scenarios" data-provider="scenarios" finished-at="2023-07-28T10:55:29 WAT" duration-ms="73682" status="PASS">
          <params>
            <param index="0">
              <value>
                <![CDATA["Logged user select Category"]]>
              </value>
            </param>
            <param index="1">
              <value>
                <![CDATA["SC5- Logged user could select different Categories"]]>
              </value>
            </param>
          </params>
          <reporter-output>
          </reporter-output>
        </test-method> <!-- runScenario -->
        <test-method signature="runScenario(io.cucumber.testng.PickleWrapper,io.cucumber.testng.FeatureWrapper)[pri:0, instance:Runners.TestRunner@61001b64]" started-at="2023-07-28T10:55:29 WAT" name="runScenario" description="Runs Cucumber Scenarios" data-provider="scenarios" finished-at="2023-07-28T10:55:54 WAT" duration-ms="24614" status="PASS">
          <params>
            <param index="0">
              <value>
                <![CDATA["User filter selected item with color"]]>
              </value>
            </param>
            <param index="1">
              <value>
                <![CDATA["SC6- Logged user could filter with color"]]>
              </value>
            </param>
          </params>
          <reporter-output>
          </reporter-output>
        </test-method> <!-- runScenario -->
        <test-method signature="runScenario(io.cucumber.testng.PickleWrapper,io.cucumber.testng.FeatureWrapper)[pri:0, instance:Runners.TestRunner@61001b64]" started-at="2023-07-28T10:55:54 WAT" name="runScenario" description="Runs Cucumber Scenarios" data-provider="scenarios" finished-at="2023-07-28T10:57:17 WAT" duration-ms="83354" status="PASS">
          <params>
            <param index="0">
              <value>
                <![CDATA["User filter selected item with constructor"]]>
              </value>
            </param>
            <param index="1">
              <value>
                <![CDATA["SC7- Logged user could filter with constructor"]]>
              </value>
            </param>
          </params>
          <reporter-output>
          </reporter-output>
        </test-method> <!-- runScenario -->
        <test-method signature="runScenario(io.cucumber.testng.PickleWrapper,io.cucumber.testng.FeatureWrapper)[pri:0, instance:Runners.TestRunner@61001b64]" started-at="2023-07-28T10:57:17 WAT" name="runScenario" description="Runs Cucumber Scenarios" data-provider="scenarios" finished-at="2023-07-28T10:58:31 WAT" duration-ms="74096" status="FAIL">
          <params>
            <param index="0">
              <value>
                <![CDATA["User try to add product to shopping cart"]]>
              </value>
            </param>
            <param index="1">
              <value>
                <![CDATA["SC9- Logged user could add any product to Shopping cart"]]>
              </value>
            </param>
          </params>
          <exception class="org.openqa.selenium.NoSuchElementException">
            <message>
              <![CDATA[no such element: Unable to locate element: {"method":"xpath","selector":"/html/body/div[7]/div/div/div/div[2]/div/div/button"}
  (Session info: chrome=115.0.5790.110)
For documentation on this error, please visit: https://www.selenium.dev/documentation/webdriver/troubleshooting/errors#no-such-element-exception
Build info: version: '4.10.0', revision: 'c14d967899'
System info: os.name: 'Windows 10', os.arch: 'amd64', os.version: '10.0', java.version: '11.0.19'
Driver info: org.openqa.selenium.chrome.ChromeDriver
Command: [6c7664511ca00a6615d26cd649b1ecc3, findElement {using=xpath, value=/html/body/div[7]/div/div/div/div[2]/div/div/button}]
Capabilities {acceptInsecureCerts: false, browserName: chrome, browserVersion: 115.0.5790.110, chrome: {chromedriverVersion: 114.0.5735.90 (386bc09e8f4f..., userDataDir: C:\Windows\SystemTemp\scope...}, goog:chromeOptions: {debuggerAddress: localhost:54358}, networkConnectionEnabled: false, pageLoadStrategy: normal, platformName: windows, proxy: Proxy(), se:cdp: ws://localhost:54358/devtoo..., se:cdpVersion: 115.0.5790.110, setWindowRect: true, strictFileInteractability: false, timeouts: {implicit: 0, pageLoad: 300000, script: 30000}, unhandledPromptBehavior: dismiss and notify, webauthn:extension:credBlob: true, webauthn:extension:largeBlob: true, webauthn:extension:minPinLength: true, webauthn:extension:prf: true, webauthn:virtualAuthenticators: true}
Session ID: 6c7664511ca00a6615d26cd649b1ecc3]]>
            </message>
            <full-stacktrace>
              <![CDATA[org.openqa.selenium.NoSuchElementException: no such element: Unable to locate element: {"method":"xpath","selector":"/html/body/div[7]/div/div/div/div[2]/div/div/button"}
  (Session info: chrome=115.0.5790.110)
For documentation on this error, please visit: https://www.selenium.dev/documentation/webdriver/troubleshooting/errors#no-such-element-exception
Build info: version: '4.10.0', revision: 'c14d967899'
System info: os.name: 'Windows 10', os.arch: 'amd64', os.version: '10.0', java.version: '11.0.19'
Driver info: org.openqa.selenium.chrome.ChromeDriver
Command: [6c7664511ca00a6615d26cd649b1ecc3, findElement {using=xpath, value=/html/body/div[7]/div/div/div/div[2]/div/div/button}]
Capabilities {acceptInsecureCerts: false, browserName: chrome, browserVersion: 115.0.5790.110, chrome: {chromedriverVersion: 114.0.5735.90 (386bc09e8f4f..., userDataDir: C:\Windows\SystemTemp\scope...}, goog:chromeOptions: {debuggerAddress: localhost:54358}, networkConnectionEnabled: false, pageLoadStrategy: normal, platformName: windows, proxy: Proxy(), se:cdp: ws://localhost:54358/devtoo..., se:cdpVersion: 115.0.5790.110, setWindowRect: true, strictFileInteractability: false, timeouts: {implicit: 0, pageLoad: 300000, script: 30000}, unhandledPromptBehavior: dismiss and notify, webauthn:extension:credBlob: true, webauthn:extension:largeBlob: true, webauthn:extension:minPinLength: true, webauthn:extension:prf: true, webauthn:virtualAuthenticators: true}
Session ID: 6c7664511ca00a6615d26cd649b1ecc3
at java.base/jdk.internal.reflect.NativeConstructorAccessorImpl.newInstance0(Native Method)
at java.base/jdk.internal.reflect.NativeConstructorAccessorImpl.newInstance(NativeConstructorAccessorImpl.java:62)
at java.base/jdk.internal.reflect.DelegatingConstructorAccessorImpl.newInstance(DelegatingConstructorAccessorImpl.java:45)
at java.base/java.lang.reflect.Constructor.newInstance(Constructor.java:490)
at org.openqa.selenium.remote.codec.w3c.W3CHttpResponseCodec.createException(W3CHttpResponseCodec.java:199)
at org.openqa.selenium.remote.codec.w3c.W3CHttpResponseCodec.decode(W3CHttpResponseCodec.java:132)
at org.openqa.selenium.remote.codec.w3c.W3CHttpResponseCodec.decode(W3CHttpResponseCodec.java:51)
at org.openqa.selenium.remote.HttpCommandExecutor.execute(HttpCommandExecutor.java:191)
at org.openqa.selenium.remote.service.DriverCommandExecutor.invokeExecute(DriverCommandExecutor.java:196)
at org.openqa.selenium.remote.service.DriverCommandExecutor.execute(DriverCommandExecutor.java:171)
at org.openqa.selenium.remote.RemoteWebDriver.execute(RemoteWebDriver.java:531)
at org.openqa.selenium.remote.ElementLocation$ElementFinder$2.findElement(ElementLocation.java:165)
at org.openqa.selenium.remote.ElementLocation.findElement(ElementLocation.java:59)
at org.openqa.selenium.remote.RemoteWebDriver.findElement(RemoteWebDriver.java:350)
at org.openqa.selenium.remote.RemoteWebDriver.findElement(RemoteWebDriver.java:344)
at Steps.C08_AddToCart.user_add_product_to_cart(C08_AddToCart.java:40)
at ✽.User add product to cart(file:///C:/Users/Tayssir/IdeaProjects/cucumber/src/test/java/Features/SC08_AddToCart.feature:10)
]]>
            </full-stacktrace>
          </exception> <!-- org.openqa.selenium.NoSuchElementException -->
          <reporter-output>
          </reporter-output>
        </test-method> <!-- runScenario -->
        <test-method signature="runScenario(io.cucumber.testng.PickleWrapper,io.cucumber.testng.FeatureWrapper)[pri:0, instance:Runners.TestRunner@61001b64]" started-at="2023-07-28T10:58:31 WAT" name="runScenario" description="Runs Cucumber Scenarios" data-provider="scenarios" finished-at="2023-07-28T10:59:22 WAT" duration-ms="50492" status="PASS">
          <params>
            <param index="0">
              <value>
                <![CDATA["User could be able to add products to Favorite list"]]>
              </value>
            </param>
            <param index="1">
              <value>
                <![CDATA["SC09- Logged user could add different products to Favorite list"]]>
              </value>
            </param>
          </params>
          <reporter-output>
          </reporter-output>
        </test-method> <!-- runScenario -->
        <test-method signature="runScenario(io.cucumber.testng.PickleWrapper,io.cucumber.testng.FeatureWrapper)[pri:0, instance:Runners.TestRunner@61001b64]" started-at="2023-07-28T10:59:22 WAT" name="runScenario" description="Runs Cucumber Scenarios" data-provider="scenarios" finished-at="2023-07-28T11:00:14 WAT" duration-ms="52251" status="PASS">
          <params>
            <param index="0">
              <value>
                <![CDATA["user try to compare multiple products"]]>
              </value>
            </param>
            <param index="1">
              <value>
                <![CDATA["SC10- Logged user could add different products to compare list"]]>
              </value>
            </param>
          </params>
          <reporter-output>
          </reporter-output>
        </test-method> <!-- runScenario -->
        <test-method signature="runScenario(io.cucumber.testng.PickleWrapper,io.cucumber.testng.FeatureWrapper)[pri:0, instance:Runners.TestRunner@61001b64]" started-at="2023-07-28T11:00:14 WAT" name="runScenario" description="Runs Cucumber Scenarios" data-provider="scenarios" finished-at="2023-07-28T11:00:33 WAT" duration-ms="18752" status="FAIL">
          <params>
            <param index="0">
              <value>
                <![CDATA["User make an order"]]>
              </value>
            </param>
            <param index="1">
              <value>
                <![CDATA["SC11- Create successful Order"]]>
              </value>
            </param>
          </params>
          <exception class="org.openqa.selenium.ElementClickInterceptedException">
            <message>
              <![CDATA[element click intercepted: Element <a href="https://www.tunisianet.com.tn/529-mixeur-plongeant-tunisie">...</a> is not clickable at point (406, 257). Other element would receive the click: <a href="https://www.tunisianet.com.tn/564-four-electrique-tunisie-micro-onde">...</a>
  (Session info: chrome=115.0.5790.110)
Build info: version: '4.10.0', revision: 'c14d967899'
System info: os.name: 'Windows 10', os.arch: 'amd64', os.version: '10.0', java.version: '11.0.19'
Driver info: org.openqa.selenium.chrome.ChromeDriver
Command: [dee0c62e9d7fd8f88bf4759624a1b0f7, clickElement {id=2DD498C2D54EFD70A7A0833D8BF08F6B_element_114}]
Capabilities {acceptInsecureCerts: false, browserName: chrome, browserVersion: 115.0.5790.110, chrome: {chromedriverVersion: 114.0.5735.90 (386bc09e8f4f..., userDataDir: C:\Windows\SystemTemp\scope...}, goog:chromeOptions: {debuggerAddress: localhost:54502}, networkConnectionEnabled: false, pageLoadStrategy: normal, platformName: windows, proxy: Proxy(), se:cdp: ws://localhost:54502/devtoo..., se:cdpVersion: 115.0.5790.110, setWindowRect: true, strictFileInteractability: false, timeouts: {implicit: 0, pageLoad: 300000, script: 30000}, unhandledPromptBehavior: dismiss and notify, webauthn:extension:credBlob: true, webauthn:extension:largeBlob: true, webauthn:extension:minPinLength: true, webauthn:extension:prf: true, webauthn:virtualAuthenticators: true}
Element: [[ChromeDriver: chrome on windows (dee0c62e9d7fd8f88bf4759624a1b0f7)] -> css selector: ul[class="menu-content top-menu"] a[href="https://www.tunisianet.com.tn/529-mixeur-plongeant-tunisie"]]
Session ID: dee0c62e9d7fd8f88bf4759624a1b0f7]]>
            </message>
            <full-stacktrace>
              <![CDATA[org.openqa.selenium.ElementClickInterceptedException: element click intercepted: Element <a href="https://www.tunisianet.com.tn/529-mixeur-plongeant-tunisie">...</a> is not clickable at point (406, 257). Other element would receive the click: <a href="https://www.tunisianet.com.tn/564-four-electrique-tunisie-micro-onde">...</a>
  (Session info: chrome=115.0.5790.110)
Build info: version: '4.10.0', revision: 'c14d967899'
System info: os.name: 'Windows 10', os.arch: 'amd64', os.version: '10.0', java.version: '11.0.19'
Driver info: org.openqa.selenium.chrome.ChromeDriver
Command: [dee0c62e9d7fd8f88bf4759624a1b0f7, clickElement {id=2DD498C2D54EFD70A7A0833D8BF08F6B_element_114}]
Capabilities {acceptInsecureCerts: false, browserName: chrome, browserVersion: 115.0.5790.110, chrome: {chromedriverVersion: 114.0.5735.90 (386bc09e8f4f..., userDataDir: C:\Windows\SystemTemp\scope...}, goog:chromeOptions: {debuggerAddress: localhost:54502}, networkConnectionEnabled: false, pageLoadStrategy: normal, platformName: windows, proxy: Proxy(), se:cdp: ws://localhost:54502/devtoo..., se:cdpVersion: 115.0.5790.110, setWindowRect: true, strictFileInteractability: false, timeouts: {implicit: 0, pageLoad: 300000, script: 30000}, unhandledPromptBehavior: dismiss and notify, webauthn:extension:credBlob: true, webauthn:extension:largeBlob: true, webauthn:extension:minPinLength: true, webauthn:extension:prf: true, webauthn:virtualAuthenticators: true}
Element: [[ChromeDriver: chrome on windows (dee0c62e9d7fd8f88bf4759624a1b0f7)] -> css selector: ul[class="menu-content top-menu"] a[href="https://www.tunisianet.com.tn/529-mixeur-plongeant-tunisie"]]
Session ID: dee0c62e9d7fd8f88bf4759624a1b0f7
at java.base/jdk.internal.reflect.NativeConstructorAccessorImpl.newInstance0(Native Method)
at java.base/jdk.internal.reflect.NativeConstructorAccessorImpl.newInstance(NativeConstructorAccessorImpl.java:62)
at java.base/jdk.internal.reflect.DelegatingConstructorAccessorImpl.newInstance(DelegatingConstructorAccessorImpl.java:45)
at java.base/java.lang.reflect.Constructor.newInstance(Constructor.java:490)
at org.openqa.selenium.remote.codec.w3c.W3CHttpResponseCodec.createException(W3CHttpResponseCodec.java:199)
at org.openqa.selenium.remote.codec.w3c.W3CHttpResponseCodec.decode(W3CHttpResponseCodec.java:132)
at org.openqa.selenium.remote.codec.w3c.W3CHttpResponseCodec.decode(W3CHttpResponseCodec.java:51)
at org.openqa.selenium.remote.HttpCommandExecutor.execute(HttpCommandExecutor.java:191)
at org.openqa.selenium.remote.service.DriverCommandExecutor.invokeExecute(DriverCommandExecutor.java:196)
at org.openqa.selenium.remote.service.DriverCommandExecutor.execute(DriverCommandExecutor.java:171)
at org.openqa.selenium.remote.RemoteWebDriver.execute(RemoteWebDriver.java:531)
at org.openqa.selenium.remote.RemoteWebElement.execute(RemoteWebElement.java:242)
at org.openqa.selenium.remote.RemoteWebElement.click(RemoteWebElement.java:77)
at Steps.C11_CreateOrder.addProducts(C11_CreateOrder.java:29)
at ✽.User add products to cart(file:///C:/Users/Tayssir/IdeaProjects/cucumber/src/test/java/Features/SC11_CreateOrder.feature:7)
]]>
            </full-stacktrace>
          </exception> <!-- org.openqa.selenium.ElementClickInterceptedException -->
          <reporter-output>
          </reporter-output>
        </test-method> <!-- runScenario -->
        <test-method signature="runScenario(io.cucumber.testng.PickleWrapper,io.cucumber.testng.FeatureWrapper)[pri:0, instance:Runners.TestRunner@61001b64]" started-at="2023-07-28T11:00:33 WAT" name="runScenario" description="Runs Cucumber Scenarios" data-provider="scenarios" finished-at="2023-07-28T11:01:15 WAT" duration-ms="41872" status="FAIL">
          <params>
            <param index="0">
              <value>
                <![CDATA["User opens facebook link"]]>
              </value>
            </param>
            <param index="1">
              <value>
                <![CDATA["SC-12 User could have to follow the pages of website"]]>
              </value>
            </param>
          </params>
          <exception class="java.lang.IndexOutOfBoundsException">
            <message>
              <![CDATA[Index 1 out of bounds for length 1]]>
            </message>
            <full-stacktrace>
              <![CDATA[java.lang.IndexOutOfBoundsException: Index 1 out of bounds for length 1
at java.base/jdk.internal.util.Preconditions.outOfBounds(Preconditions.java:64)
at java.base/jdk.internal.util.Preconditions.outOfBoundsCheckIndex(Preconditions.java:70)
at java.base/jdk.internal.util.Preconditions.checkIndex(Preconditions.java:248)
at java.base/java.util.Objects.checkIndex(Objects.java:372)
at java.base/java.util.ArrayList.get(ArrayList.java:459)
at Steps.C12_FollowUs.userOpensFacebook(C12_FollowUs.java:31)
at ✽.User opens facebook link(file:///C:/Users/Tayssir/IdeaProjects/cucumber/src/test/java/Features/SC12_FollowUs.feature:8)
]]>
            </full-stacktrace>
          </exception> <!-- java.lang.IndexOutOfBoundsException -->
          <reporter-output>
          </reporter-output>
        </test-method> <!-- runScenario -->
        <test-method signature="runScenario(io.cucumber.testng.PickleWrapper,io.cucumber.testng.FeatureWrapper)[pri:0, instance:Runners.TestRunner@61001b64]" started-at="2023-07-28T11:01:15 WAT" name="runScenario" description="Runs Cucumber Scenarios" data-provider="scenarios" finished-at="2023-07-28T11:01:42 WAT" duration-ms="27523" status="PASS">
          <params>
            <param index="0">
              <value>
                <![CDATA["User opens twitter link"]]>
              </value>
            </param>
            <param index="1">
              <value>
                <![CDATA["SC-12 User could have to follow the pages of website"]]>
              </value>
            </param>
          </params>
          <reporter-output>
          </reporter-output>
        </test-method> <!-- runScenario -->
        <test-method signature="runScenario(io.cucumber.testng.PickleWrapper,io.cucumber.testng.FeatureWrapper)[pri:0, instance:Runners.TestRunner@61001b64]" started-at="2023-07-28T11:01:42 WAT" name="runScenario" description="Runs Cucumber Scenarios" data-provider="scenarios" finished-at="2023-07-28T11:02:28 WAT" duration-ms="45597" status="PASS">
          <params>
            <param index="0">
              <value>
                <![CDATA["User opens pinterest link"]]>
              </value>
            </param>
            <param index="1">
              <value>
                <![CDATA["SC-12 User could have to follow the pages of website"]]>
              </value>
            </param>
          </params>
          <reporter-output>
          </reporter-output>
        </test-method> <!-- runScenario -->
        <test-method signature="runScenario(io.cucumber.testng.PickleWrapper,io.cucumber.testng.FeatureWrapper)[pri:0, instance:Runners.TestRunner@61001b64]" started-at="2023-07-28T11:02:28 WAT" name="runScenario" description="Runs Cucumber Scenarios" data-provider="scenarios" finished-at="2023-07-28T11:03:32 WAT" duration-ms="64440" status="PASS">
          <params>
            <param index="0">
              <value>
                <![CDATA["User opens youtube link"]]>
              </value>
            </param>
            <param index="1">
              <value>
                <![CDATA["SC-12 User could have to follow the pages of website"]]>
              </value>
            </param>
          </params>
          <reporter-output>
          </reporter-output>
        </test-method> <!-- runScenario -->
        <test-method signature="runScenario(io.cucumber.testng.PickleWrapper,io.cucumber.testng.FeatureWrapper)[pri:0, instance:Runners.TestRunner@61001b64]" started-at="2023-07-28T11:03:32 WAT" name="runScenario" description="Runs Cucumber Scenarios" data-provider="scenarios" finished-at="2023-07-28T11:04:35 WAT" duration-ms="62359" status="PASS">
          <params>
            <param index="0">
              <value>
                <![CDATA["User opens instagram link"]]>
              </value>
            </param>
            <param index="1">
              <value>
                <![CDATA["SC-12 User could have to follow the pages of website"]]>
              </value>
            </param>
          </params>
          <reporter-output>
          </reporter-output>
        </test-method> <!-- runScenario -->
        <test-method is-config="true" signature="tearDownClass()[pri:0, instance:Runners.TestRunner@61001b64]" started-at="2023-07-28T11:04:35 WAT" name="tearDownClass" finished-at="2023-07-28T11:04:35 WAT" duration-ms="104" status="PASS">
          <reporter-output>
          </reporter-output>
        </test-method> <!-- tearDownClass -->
      </class> <!-- Runners.TestRunner -->
    </test> <!-- Surefire test -->
  </suite> <!-- Surefire suite -->
</testng-results>
